<?xml version="1.0" encoding="UTF-8"?>
<!-- Generated by org.testng.reporters.JUnitXMLReporter -->
<testsuite ignored="0" hostname="6LXDW33" failures="0" tests="1" name="Default test" time="0.038" errors="0" timestamp="17 Jan 2023 08:01:52 GMT">
  <testcase classname="com.einfochips.testCases.Base" name="@BeforeTest setup" time="0.0">
    <failure type="org.testng.TestNGException" message="
Parameter &amp;apos;tester&amp;apos; is required by BeforeTest on method setup but has not been marked @Optional or defined
in C:\Users\112346\AppData\Local\Temp\3\testng-eclipse--2141731316\testng-customsuite.xml">
      <![CDATA[org.testng.TestNGException: 
Parameter 'tester' is required by BeforeTest on method setup but has not been marked @Optional or defined
in C:\Users\112346\AppData\Local\Temp\3\testng-eclipse--2141731316\testng-customsuite.xml
at org.testng.internal.Parameters.createParams(Parameters.java:290)
at org.testng.internal.Parameters.createParametersForMethod(Parameters.java:359)
at org.testng.internal.Parameters.createParameters(Parameters.java:620)
at org.testng.internal.Parameters.createConfigurationParameters(Parameters.java:190)
at org.testng.internal.Invoker.invokeConfigurations(Invoker.java:209)
at org.testng.internal.Invoker.invokeConfigurations(Invoker.java:142)
at org.testng.TestRunner.beforeRun(TestRunner.java:529)
at org.testng.TestRunner.run(TestRunner.java:497)
at org.testng.SuiteRunner.runTest(SuiteRunner.java:455)
at org.testng.SuiteRunner.runSequentially(SuiteRunner.java:450)
at org.testng.SuiteRunner.privateRun(SuiteRunner.java:415)
at org.testng.SuiteRunner.run(SuiteRunner.java:364)
at org.testng.SuiteRunnerWorker.runSuite(SuiteRunnerWorker.java:52)
at org.testng.SuiteRunnerWorker.run(SuiteRunnerWorker.java:84)
at org.testng.TestNG.runSuitesSequentially(TestNG.java:1208)
at org.testng.TestNG.runSuitesLocally(TestNG.java:1137)
at org.testng.TestNG.runSuites(TestNG.java:1049)
at org.testng.TestNG.run(TestNG.java:1017)
at org.testng.remote.AbstractRemoteTestNG.run(AbstractRemoteTestNG.java:115)
at org.testng.remote.RemoteTestNG.initAndRun(RemoteTestNG.java:251)
at org.testng.remote.RemoteTestNG.main(RemoteTestNG.java:77)
]]>
    </failure>
  </testcase> <!-- @BeforeTest setup -->
  <testcase classname="com.einfochips.testCases.HomepageTest" name="@BeforeClass launch" time="0.0">
    <skipped/>
  </testcase> <!-- @BeforeClass launch -->
  <testcase classname="com.einfochips.testCases.Base" name="@AfterTest tearDown" time="0.0">
    <skipped/>
  </testcase> <!-- @AfterTest tearDown -->
  <testcase classname="com.einfochips.testCases.HomepageTest" name="Services" time="0.0">
    <skipped/>
  </testcase> <!-- Services -->
</testsuite> <!-- Default test -->
